[INFO][Rank 0] Starting IST construction for B_5 with 1 MPI processes.
[INFO][Rank 0] Output directory data/output/ ensured.
[INFO][Rank 0] BubbleSortGraph constructed with n=5, vertices=120
[INFO][Rank 0] Rank 0: Graph created with 120 vertices.
[INFO][Rank 0] Rank 0: Starting METIS partitioning for 120 vertices, nparts = 1
[INFO][Rank 0] Rank 0: Single partition or small graph, assigning all vertices to rank 0.
[INFO][Rank 0] Rank 0: Partitioning completed, partition size = 120
[INFO][Rank 0] Rank 0: Assigned 120 local vertices.
[INFO][Rank 0] Rank 0: Starting parallel IST construction for 120 vertices.
[INFO][Rank 0] Rank 0, Thread 2: Processing vertex 60
[INFO][Rank 0] Rank 0, Thread 1: Processing vertex 30
[INFO][Rank 0] Computing parent1 for vertex 30, tree T_1
[INFO][Rank 0] Parent of vertex 30 in T_1 is 54
[INFO][Rank 0] Computing parent1 for vertex 30, tree T_2
[INFO][Rank 0] Parent of vertex 30 in T_2 is 24
[INFO][Rank 0] Computing parent1 for vertex 30, tree T_3
[INFO][Rank 0] Parent of vertex 30 in T_3 is 32
[INFO][Rank 0] Computing parent1 for vertex 30, tree T_4
[INFO][Rank 0] Parent of vertex 30 in T_4 is 31
[INFO][Rank 0[INFO][Rank ] Rank 0, Thread 1: Processing vertex 31
[INFO][Rank 0] Computing parent1 for vertex 31, tree T_1
[INFO][Rank 0] Parent of vertex 31 in T_1 is 55
[INFO][Rank 0] Computing parent1 for vertex 31, tree T_2
[INFO][Rank 0] Parent of vertex 31 in T_2 is 25
[INFO][Rank 0] Computing parent1 for vertex 31, tree T_3
[INFO][Rank 0] Parent of vertex 31 in T_3 is 34
[INFO][Rank 0] Computing parent1 for vertex 31, tree T_4
[INFO][Rank 0] Parent of vertex 31 in T_4 is 30
[INFO][Rank 0] Rank 0, Thread 1: Processing vertex 32
[INFO][Rank 0] Computing parent1 for vertex 32, tree T_1
[INFO][Rank 0] Parent of vertex 32 in T_1 is 56
[INFO][Rank 0] Computing parent1 for vertex 32, tree T_2
[INFO][Rank 0] Parent of vertex 32 in T_2 is 38
[INFO][Rank 0] Computing parent1 for vertex 32, tree T_3
[INFO][Rank 0] Parent of vertex 32 in T_3 is 30
[INFO][Rank 0] Computing parent1 for vertex 32, tree T_4
[INFO][Rank 0] Parent of vertex 32 in T_4 is 33
[INFO][Rank 0] Rank 0, Thread 1: Processing vertex 33
[INFO][Rank 0] Computing parent1 for vertex 33, tree T_1
[INFO][Rank 0] Parent of vertex 33 in T_1 is 57
[INFO][Rank 0] Computing parent1 for vertex 33, tree T_2
[INFO][Rank 0] Parent of vertex 33 in T_2 is 39
[INFO][Rank 0] Computing parent1 for vertex 33, tree T_3
[INFO][Rank 0] Parent of vertex 33 in T_3 is 35
[INFO][Rank 0] Computing parent1 for vertex 33, tree T_4
[INFO][Rank 0] Parent of vertex 33 in T_4 is 32
[INFO][Rank 0] Rank 0, Thread 1: Processing vertex 34
[INFO][Rank 0] Computing parent1 for vertex 34, tree T_1
[INFO][Rank 0] Parent of vertex 34 in T_1 is 58
[INFO][Rank 0] Computing parent1 for vertex 34, tree T_2
[INFO][Rank 0] Parent of vertex 34 in T_2 is 44
[INFO][Rank 0] Computing parent1 for vertex 34, tree T_3
[INFO][Rank 0] Parent of vertex 34 in T_3 is 31
[INFO][Rank 0] Computing parent1 for vertex 34, tree T_4
[INFO][Rank 0] Parent of vertex 34 in T_4 is 35
[INFO][Rank 0] Rank 0, Thread 1: Processing vertex 35
[INFO][Rank 0] Computing parent1 for vertex 35, tree T_1
[INFO][Rank 0] Parent of vertex 35 in T_1 is 59
[INFO][Rank 0] Computing parent1 for vertex 35, tree T_2
[INFO][Rank 0] Parent of vertex 35 in T_2 is 45
[INFO][Rank 0] Computing parent1 for vertex 35, tree T_3
[INFO][Rank 0] Parent of vertex 35 in T_3 is 33
[INFO][Rank 0] Computing parent1 for vertex 35, tree T_4
[INFO][Rank 0] Parent of vertex 35 in T_4 is 34
[INFO][Rank 0] Rank 0, Thread 1: Processing vertex 36
[INFO][Rank 0] Computing parent1 for vertex 36, tree T_1
[INFO][Rank 0] Parent of vertex 36 in T_1 is 78
[INFO][Rank 0] Computing parent1 for vertex 36, tree T_2
[INFO][Rank 0] Parent of vertex 36 in T_2 is 26
[INFO][Rank 0] Computing parent1 for vertex 36, tree T_3
[INFO][Rank 0] Parent of vertex 36 in T_3 is 38
[INFO][Rank 0] Computing parent1 for vertex 36, tree T_4
[INFO][Rank 0] Parent of vertex 36 in T_4 is 37
[INFO][Rank 0] Rank 0, Thread 1: Processing vertex 37
[INFO][Rank 0] Computing parent1 for vertex 37, tree T_1
[INFO][Rank 0] Parent of vertex 37 in T_1 is 79
[INFO][Rank 0] Computing parent1 for vertex 37, tree T_2
[INFO][Rank 0] Parent of vertex 37 in T_2 is 27
[INFO][Rank 0] Computing parent1 for vertex 37, tree T_3
[INFO][Rank 0] Parent of vertex 37 in T_3 is 40
[INFO][Rank 0] Computing parent1 for vertex 37, tree T_4
[INFO][Rank 0] Parent of vertex 37 in T_4 is 36
[INFO][Rank 0] Rank 0, Thread 1: Processing vertex 38
[INFO][Rank 0] Computing parent1 for vertex 38, tree T_1
[INFO][Rank 0] Parent of vertex 38 in T_1 is 80
[INFO][Rank 0] Computing parent1 for vertex 38, tree T_2
[INFO][Rank 0] Parent of vertex 38 in T_2 is 32
[INFO][Rank 0] Computing parent1 for vertex 38, tree T_3
[INFO][Rank 0] Parent of vertex 38 in T_3 is 36
[INFO][Rank 0] Computing parent1 for vertex 38, tree T_4
[INFO][Rank 0] Parent of vertex 38 in T_4 is 39
[INFO][Rank 0] Rank 0, Thread 1: Processing vertex 39
[INFO][Rank 0] Computing parent1 for vertex 39, tree T_1
[INFO][Rank 0] Parent of vertex 39 in T_1 is 81
[INFO][Rank 0] Computing parent1 for vertex 39, tree T_2
[INFO][Rank 0] Parent of vertex 39 in T_2 is 33
[INFO][Rank 0] Computing parent1 for vertex 39, tree T_3
[INFO][Rank 0] Parent of vertex 39 in T_3 is 41
[INFO][Rank 0] Computing parent1 for vertex 39, tree T_4
[INFO][Rank 0] Parent of vertex 39 in T_4 is 38
[INFO][Rank 0] Rank 0, Thread 1: Processing vertex 40
[INFO][Rank 0] Computing parent1 for vertex 40, tree T_1
[INFO][Rank 0] Parent of vertex 40 in T_1 is 82
[INFO][Rank 0] Computing parent1 for vertex 40, tree T_2
[INFO][Rank 0] Parent of vertex 40 in T_2 is 46
[INFO][Rank 0] Computing parent1 for vertex 40, tree T_3
[INFO][Rank 0] Parent of vertex 40 in T_3 is 37
[INFO][Rank 0] Computing parent1 for vertex 40, tree T_4
[INFO][Rank 0] Parent of vertex 40 in T_4 is 41
[INFO][Rank 0] Rank 0, Thread 1: Processing vertex 41
[INFO][Rank 0] Computing parent1 for vertex 41, tree T_1
[INFO][Rank 0] Parent of vertex 41 in T_1 is 83
[INFO][Rank 0] Computing parent1 for vertex 41, tree T_2
[INFO][Rank 0] Parent of vertex 41 in T_2 is 47
[INFO][Rank 0] Computing parent1 for vertex 41, tree T_3
[INFO][Rank 0] Parent of vertex 41 in T_3 is 39
[INFO][Rank 0] Computing parent1 for vertex 41, tree T_4
[INFO][Rank 0] Parent of vertex 41 in T_4 is 40
[INFO][Rank 0] Rank 0, Thread 1: Processing vertex 42
[INFO][Rank 0] Computing parent1 for vertex 42, tree T_1
[INFO][Rank 0] Parent of vertex 42 in T_1 is 102
[INFO][Rank 0] Computing parent1 for vertex 42, tree T_2
[INFO][Rank 0] Parent of vertex 42 in T_2 is 28
[INFO][Rank 0] Computing parent1 for vertex 42, tree T_3
[INFO][Rank 0] Parent of vertex 42 in T_3 is 44
[INFO][Rank 0] Computing parent1 for vertex 42, tree T_4
[INFO][Rank 0] Parent of vertex 42 in T_4 is 43
[INFO][Rank 0] Rank 0, Thread 1: Processing vertex 430
[INFO][Rank 0] Computing parent1 for vertex 43, tree T_1
[INFO][Rank 0] Parent of vertex 43 in T_1 is 103
[INFO][Rank 0] Computing parent1 for vertex 43, tree T_2
[INFO][Rank 0] Parent of vertex 43 in T_2 is 29
[INFO][Rank 0] Computing parent1 for vertex 43, tree T_3
[INFO][Rank 0] Parent of vertex 43 in T_3 is 46
[INFO][Rank 0] Computing parent1 for vertex 43, tree T_4
[INFO][Rank 0] Parent of vertex 43 in T_4 is 42
[INFO][Rank 0] Rank 0, Thread 1: Processing vertex 44
[INFO][Rank 0] Computing parent1 for vertex 44, tree T_1
[INFO][Rank 0] Parent of vertex 44 in T_1 is 104
[INFO][Rank 0] Computing parent1 for vertex 44, tree T_2
[INFO][Rank 0] Parent of vertex 44 in T_2 is 34
[INFO][Rank 0] Computing parent1 for vertex 44, tree T_3
[INFO][Rank 0] Parent of vertex 44 in T_3 is 42
[INFO][Rank 0] Computing parent1 for vertex 44, tree T_4
[INFO][Rank 0] Parent of vertex 44 in T_4 is 45
[INFO][Rank 0] Rank 0, Thread 1: Processing vertex 45[INFO][Rank 
[INFO][Rank 0] Computing parent1 for vertex 45, tree T_1
[INFO][Rank 0] Parent of vertex 45 in T_1 is 105
[INFO][Rank 0] Computing parent1 for vertex 45, tree T_2
[INFO][Rank 0] Parent of vertex 45 in T_2 is 35
[INFO][Rank 0] Computing parent1 for vertex 45, tree T_3
[INFO][Rank 0] Parent of vertex 45 in T_3 is 47
[INFO][Rank 0] Computing parent1 for vertex 45, tree T_4
[INFO][Rank 0] Parent of vertex 45 in T_4 is 44
[INFO][Rank 0] Rank 0, Thread 1: Processing vertex 46
[INFO][Rank 0] Computing parent1 for vertex 46, tree T_1
[INFO][Rank [INFO][Rank 00] ] Computing parent1 for vertex 60, tree T_1Parent of vertex 46 in T_1 is 106
[INFO][Rank 0] Computing parent1 for vertex 46, tree T_2
[INFO][Rank 0] Parent of vertex 60 in T_1 is 84
[INFO][Rank 0] Computing parent1 for vertex 60, tree T_2
0
[INFO][Rank 0] [INFO][Rank Parent of vertex 60 in T_2 is 500] Parent of vertex 46 in T_2 is 40
[INFO][Rank 0] Computing parent1 for vertex 46, tree T_3
[INFO][Rank 0] Parent of vertex 46 in T_3 is 43
[INFO][Rank 0] Computing parent1 for vertex 46, tree T_4
[INFO][Rank 0] Parent of vertex 46 in T_4 is 47

] Rank 0, Thread 0: Processing vertex 0
[INFO][Rank 0] Computing parent1 for vertex 0, tree T_1
[INFO][Rank 0] Parent of vertex 0 in T_1 is 24
[INFO][Rank 0] Computing parent1 for vertex 0, tree T_2
[INFO][Rank 0] Parent of vertex 0 in T_2 is 6
[INFO][Rank 0] Computing parent1 for vertex 0, tree T_3
[INFO][Rank 0] Parent of vertex 0 in T_3 is 2
[INFO][Rank 0] Computing parent1 for vertex 0, tree T_4
[INFO][Rank 0] Parent of vertex 0 in T_4 is 1
[INFO][Rank 0] Rank 0, Thread 0: Processing vertex 1
[INFO][Rank 0] Computing parent1 for vertex 1, tree T_1
[INFO][Rank 0] Parent of vertex 1 in T_1 is 25
[INFO][Rank 0] Computing parent1 for vertex 1, tree T_2
[INFO][Rank 0] Parent of vertex 1 in T_2 is 7
[INFO][Rank 0] Rank 0, Thread 1: Processing vertex 47
[INFO][Rank 0] Computing parent1 for vertex 47, tree T_1
[INFO][Rank 0] Parent of vertex 47 in T_1 is 107
[INFO][Rank 0] Computing parent1 for vertex 47, tree T_2
[INFO][Rank 0] Parent of vertex 47 in T_2 is 41
[INFO][Rank 0] Computing parent1 for vertex 47, tree T_3
[INFO][Rank 0] Parent of vertex 47 in T_3 is 45
[INFO][Rank 0] Computing parent1 for vertex 47, tree T_4
[INFO][Rank 0] Parent of vertex 47 in T_4 is 46
[INFO][Rank 0] Rank 0, Thread 1: Processing vertex 48
[INFO][Rank 0] Computing parent1 for vertex 48, tree T_1
[INFO][Rank 0] Parent of vertex 48 in T_1 is 6
[INFO][Rank 0] Computing parent1 for vertex 48, tree T_2
[INFO][Rank 0] Parent of vertex 48 in T_2 is 54
[INFO][Rank 0] Computing parent1 for vertex 48, tree T_3
[INFO][Rank 0] Parent of vertex 48 in T_3 is 50
[INFO][Rank 0] Computing parent1 for vertex 48, tree T_4
[INFO][Rank 0] Parent of vertex 48 in T_4 is 49
[INFO][Rank 0] Rank 0, Thread 1: Processing vertex 49
[INFO][Rank 0] Computing parent1 for vertex 49, tree T_1
[INFO][Rank 0] Parent of vertex 49 in T_1 is 7
[INFO][Rank 0] Computing parent1 for vertex 49, tree T_2
[INFO][Rank 0] Parent of vertex 49 in T_2 is 55
[INFO][Rank 0] Computing parent1 for vertex 49, tree T_3
[INFO][Rank 0] Parent of vertex 49 in T_3 is 52
[INFO][Rank 0] Computing parent1 for vertex 49, tree T_4
[INFO][Rank 0] Parent of vertex 49 in T_4 is 48
[INFO][Rank 0] Rank 0, Thread 1: Processing vertex 50
[INFO][Rank 0] Computing parent1 for vertex 50, tree T_1
[INFO][Rank 0] Parent of vertex 50 in T_1 is 8
[INFO][Rank 0] Computing parent1 for vertex 50, tree T_2
[INFO][Rank 0] Parent of vertex 50 in T_2 is 60
[INFO][Rank 0] Computing parent1 for vertex 50, tree T_3
[INFO][Rank 0] Parent of vertex 50 in T_3 is 48
[INFO][Rank 0] Computing parent1 for vertex 50, tree T_4
[INFO][Rank 0] Parent of vertex 50 in T_4 is 51
[INFO][Rank 0] Rank 0, Thread 1: Processing vertex 51
[INFO][Rank 0] Computing parent1 for vertex 51, tree T_1
[INFO][Rank 0] Parent of vertex 51 in T_1 is 9
[INFO][Rank 0] Computing parent1 for vertex 51, tree T_2
[INFO][Rank 0] Parent of vertex 51 in T_2 is 61
[INFO][Rank 0] Computing parent1 for vertex 51, tree T_3
[INFO][Rank 0] Parent of vertex 51 in T_3 is 53
[INFO][Rank 0] Computing parent1 for vertex 51, tree T_4
[INFO][Rank 0] Parent of vertex 51 in T_4 is 50
[INFO][Rank 0] Rank 0, Thread 1: Processing vertex 52
[INFO][Rank 0] Computing parent1 for vertex 52, tree T_1
[INFO][Rank 0] Parent of vertex 52 in T_1 is 10
[INFO][Rank 0] Computing parent1 for vertex 52, tree T_2
[INFO][Rank 0] Parent of vertex 52 in T_2 is 66
[INFO][Rank 0] Computing parent1 for vertex 52, tree T_3
[INFO][Rank 0] Parent of vertex 52 in T_3 is 49
[INFO][Rank 0] Computing parent1 for vertex 52, tree T_4
[INFO][Rank 0] Parent of vertex 52 in T_4 is 53
[INFO][Rank 0] Rank 0, Thread 1: Processing vertex 53
[INFO][Rank 0] Computing parent1 for vertex 53, tree T_1
[INFO][Rank 0] Parent of vertex 53 in T_1 is 11
[INFO][Rank 0] Computing parent1 for vertex 53, tree T_2
[INFO][Rank 0] Parent of vertex 53 in T_2 is 67
[INFO][Rank 0] Computing parent1 for vertex 53, tree T_3
[INFO][Rank 0] Parent of vertex 53 in T_3 is 51
[INFO][Rank 0] Computing parent1 for vertex 53, tree T_4
[INFO][Rank 0] Parent of vertex 53 in T_4 is 52
[INFO][Rank 0] Rank 0, Thread 1: Processing vertex 54
[INFO][Rank 0] Computing parent1 for vertex 54, tree T_1
[INFO][Rank 0] Parent of vertex 54 in T_1 is 30
[INFO][Rank 0] Computing parent1 for vertex 54, tree T_2
[INFO][Rank 0] Parent of vertex 54 in T_2 is 48
[INFO][Rank 0] Computing parent1 for vertex 54, tree T_3
[INFO][Rank 0] Parent of vertex 54 in T_3 is 56
[INFO][Rank 0] Computing parent1 for vertex 54, tree T_4
[INFO][Rank 0] Parent of vertex 54 in T_4 is 55
[INFO][Rank 0] Rank 0, Thread 1: Processing vertex 55
[INFO][Rank 0] Computing parent1 for vertex 55, tree T_1
[INFO][Rank 0] Parent of vertex 55 in T_1 is 31
[INFO][Rank 0] Computing parent1 for vertex 55, tree T_2
[INFO][Rank 0] Parent of vertex 55 in T_2 is 49
[INFO][Rank 0] Computing parent1 for vertex 55, tree T_3
[INFO][Rank 0] Parent of vertex 55 in T_3 is 58
[INFO][Rank 0] Computing parent1 for vertex 55, tree T_4
[INFO][Rank 0] Parent of vertex 55 in T_4 is 54
[INFO][Rank 0] Rank 0, Thread 1: Processing vertex 56
[INFO][Rank 0] Computing parent1 for vertex 56, tree T_1
[INFO][Rank 0] Parent of vertex 56 in T_1 is 32
[INFO][Rank 0] Computing parent1 for vertex 56, tree T_2
[INFO][Rank 0] Parent of vertex 56 in T_2 is 62
[INFO][Rank 0] Computing parent1 for vertex 56, tree T_3
[INFO][Rank 0] Parent of vertex 56 in T_3 is 54
[INFO][Rank 0] Computing parent1 for vertex 56, tree T_4
[INFO][Rank 0] Parent of vertex 56 in T_4 is 57
[INFO][Rank 0] Rank 0, Thread 1: Processing vertex 57
[INFO][Rank 0] Computing parent1 for vertex 57, tree T_1
[INFO][Rank 0] Parent of vertex 57 in T_1 is 33
[INFO][Rank 0] Computing parent1 for vertex 57, tree T_2
[INFO][Rank 0] Parent of vertex 57 in T_2 is 63
[INFO][Rank 0] Computing parent1 for vertex 57, tree T_3
[INFO][Rank 0] Parent of vertex 57 in T_3 is 59
[INFO][Rank 0] Computing parent1 for vertex 57, tree T_4
[INFO][Rank 0] Parent of vertex 57 in T_4 is 56
[INFO][Rank 0] Rank 0, Thread 1: Processing vertex 58
[INFO][Rank 0] Computing parent1 for vertex 58, tree T_1
[INFO][Rank 0] Parent of vertex 58 in T_1 is 34
[INFO][Rank 0] Computing parent1 for vertex 58, tree T_2
[INFO][Rank 0] Parent of vertex 58 in T_2 is 68
[INFO][Rank 0] Computing parent1 for vertex 58, tree T_3
[INFO][Rank 0] Parent of vertex 58 in T_3 is 55
[INFO][Rank 0] Computing parent1 for vertex 58, tree T_4
[INFO][Rank [INFO][Rank 00] Computing parent1 for vertex 60, tree T_3] Parent of vertex 58 in T_4 is 59
] Rank 0, Thread 3: Processing vertex 90
[INFO][Rank 0] Computing parent1 for vertex 90, tree T_1
[INFO][Rank 0] Parent of vertex 90 in T_1 is 114
[INFO][Rank 0] Computing parent1 for vertex 90, tree T_2
[INFO][Rank 0] Parent of vertex 90 in T_2 is 76
[INFO][Rank 0] Computing parent1 for vertex 90, tree T_3
[INFO][Rank 0] Parent of vertex 90 in T_3 is 92
[INFO][Rank 0] Computing parent1 for vertex 90, tree T_4
[INFO][Rank 0] Parent of vertex 90 in T_4 is 91
[INFO][Rank 0] Rank 0, Thread 3: Processing vertex 91
[INFO][Rank 0] Computing parent1 for vertex 91, tree T_1
[INFO][Rank 0] Parent of vertex 91 in T_1 is 115
[INFO][Rank 0] Computing parent1 for vertex 91, tree T_2
[INFO][Rank 0] Parent of vertex 91 in T_2 is 77
[INFO][Rank 0] Computing parent1 for vertex 91, tree T_3
[INFO][Rank 0] Parent of vertex 91 in T_3 is 94
[INFO][Rank 0] Computing parent1 for vertex 91, tree T_4
[INFO][Rank 0] Parent of vertex 91 in T_4 is 90
[INFO][Rank 0] Rank 0, Thread 3: Processing vertex 92
[INFO][Rank 0] Computing parent1 for vertex 92, tree T_1
[INFO][Rank 0] Parent of vertex 92 in T_1 is 116
[INFO][Rank 0] Computing parent1 for vertex 92, tree T_2
[INFO][Rank 0] Parent of vertex 92 in T_2 is 82
[INFO][Rank 0] Computing parent1 for vertex 92, tree T_3
[INFO][Rank 0] Parent of vertex 92 in T_3 is 90
[INFO][Rank 0] Computing parent1 for vertex 92, tree T_4
[INFO][Rank 0] Parent of vertex 92 in T_4 is 93
[INFO][Rank 0] Rank 0, Thread 3: Processing vertex 93
[INFO][Rank 0] Computing parent1 for vertex 93, tree T_1
[INFO][Rank 0] Parent of vertex 93 in T_1 is 117
[INFO][Rank 0] Computing parent1 for vertex 93, tree T_2
[INFO][Rank 0] Parent of vertex 93 in T_2 is 83
[INFO][Rank 0] Computing parent1 for vertex 93, tree T_3
[INFO][Rank 0] Parent of vertex 93 in T_3 is 95
[INFO][Rank 0] Computing parent1 for vertex 93, tree T_4
[INFO][Rank 0] Parent of vertex 93 in T_4 is 92
[INFO][Rank 0] Rank 0, Thread 3: Processing vertex 94
[INFO][Rank 0] Computing parent1 for vertex 94, tree T_1
[INFO][Rank 0] Parent of vertex 94 in T_1 is 118
[INFO][Rank 0] Computing parent1 for vertex 94, tree T_2
[INFO][Rank 0] Parent of vertex 94 in T_2 is 88
[INFO][Rank 0] Computing parent1 for vertex 94, tree T_3
[INFO][Rank 0] Parent of vertex 94 in T_3 is 91
[INFO][Rank 0] Computing parent1 for vertex 94, tree T_4
[INFO][Rank 0] Parent of vertex 94 in T_4 is 95
[INFO][Rank 0] Rank 0, Thread 3: Processing vertex 95
[INFO][Rank 0] Computing parent1 for vertex 95, tree T_1
[INFO][Rank 0] Parent of vertex 95 in T_1 is 119
[INFO][Rank 0] Computing parent1 for vertex 95, tree T_2
[INFO][Rank 0] Parent of vertex 95 in T_2 is 89
[INFO][Rank 0] Computing parent1 for vertex 95, tree T_3
[INFO][Rank 0] Parent of vertex 95 in T_3 is 93
[INFO][Rank 0] Computing parent1 for vertex 95, tree T_4
[INFO][Rank 0] Parent of vertex 95 in T_4 is 94
[INFO][Rank 0] Rank 0, Thread 3: Processing vertex 96
[INFO][Rank 0] Computing parent1 for vertex 96, tree T_1
[INFO][Rank 0] Parent of vertex 96 in T_1 is 18
[INFO][Rank 0] Computing parent1 for vertex 96, tree T_2
[INFO][Rank 0] Parent of vertex 96 in T_2 is 102
[INFO][Rank 0] Computing parent1 for vertex 96, tree T_3
[INFO][Rank 0] Parent of vertex 96 in T_3 is 98
[INFO][Rank 0] Computing parent1 for vertex 96, tree T_4
[INFO][Rank 0] Parent of vertex 96 in T_4 is 97
[INFO][Rank 0] Rank 0, Thread 3: Processing vertex 97
[INFO][Rank 0] Computing parent1 for vertex 97, tree T_1
[INFO][Rank 0] Parent of vertex 97 in T_1 is 19
[INFO][Rank 0] Computing parent1 for vertex 97, tree T_2
[INFO][Rank 0] Parent of vertex 97 in T_2 is 103
[INFO][Rank 0] Computing parent1 for vertex 97, tree T_3
[INFO][Rank 0] Parent of vertex 97 in T_3 is 100
[INFO][Rank 0] Computing parent1 for vertex 97, tree T_4
[INFO][Rank 0] Parent of vertex 97 in T_4 is 96
[INFO][Rank 0] Rank 0, Thread 3: Processing vertex 98
[INFO][Rank 0] Computing parent1 for vertex 98, tree T_1
[INFO][Rank 0] Parent of vertex 98 in T_1 is 20
[INFO][Rank 0] Computing parent1 for vertex 98, tree T_2
[INFO][Rank 0] Parent of vertex 98 in T_2 is 108
[INFO][Rank 0] Computing parent1 for vertex 98, tree T_3
[INFO][Rank 0] Parent of vertex 98 in T_3 is 96
[INFO][Rank 0] Computing parent1 for vertex 98, tree T_4
[INFO][Rank 0] Parent of vertex 98 in T_4 is 99
[INFO][Rank 0] Rank 0, Thread 3: Processing vertex 99
[INFO][Rank 0] Computing parent1 for vertex 99, tree T_1
[INFO][Rank 0] Parent of vertex 99 in T_1 is 21
[INFO][Rank 0] Computing parent1 for vertex 99, tree T_2
[INFO][Rank 0] Parent of vertex 99 in T_2 is 109
[INFO][Rank 0] Computing parent1 for vertex 99, tree T_3
[INFO][Rank 0] Parent of vertex 99 in T_3 is 101
[INFO][Rank 0] Computing parent1 for vertex 99, tree T_4
[INFO][Rank 0] Parent of vertex 99 in T_4 is 98
[INFO][Rank 0] Rank 0, Thread 3: Processing vertex 100
[INFO][Rank 0] Computing parent1 for vertex 100, tree T_1
[INFO][Rank 0] Parent of vertex 100 in T_1 is 22
[INFO][Rank 0] Computing parent1 for vertex 100, tree T_2
[INFO][Rank 0] Parent of vertex 100 in T_2 is 114
[INFO][Rank 0] Computing parent1 for vertex 100, tree T_3
[INFO][Rank 0] Parent of vertex 100 in T_3 is 97
[INFO][Rank 0] Computing parent1 for vertex 100, tree T_4
[INFO][Rank 0] Parent of vertex 100 in T_4 is 101
[INFO][Rank 0] Rank 0, Thread 3: Processing vertex 101
[INFO][Rank 0] Computing parent1 for vertex 101, tree T_1
[INFO][Rank 0] Parent of vertex 101 in T_1 is 23
[INFO][Rank 0] Computing parent1 for vertex 101, tree T_2
[INFO][Rank 0] Parent of vertex 101 in T_2 is 115
[INFO][Rank 0] Computing parent1 for vertex 101, tree T_3
[INFO][Rank 0] Parent of vertex 101 in T_3 is 99
[INFO][Rank 0] Computing parent1 for vertex 101, tree T_4
[INFO][Rank 0] Parent of vertex 101 in T_4 is 100
[INFO][Rank 0] Rank 0, Thread 3: Processing vertex 102
[INFO][Rank 0] Computing parent1 for vertex 102, tree T_1
[INFO][Rank 0] Parent of vertex 102 in T_1 is 42
[INFO][Rank 0] Computing parent1 for vertex 102, tree T_2
[INFO][Rank 0] Parent of vertex 102 in T_2 is 96
[INFO][Rank 0] Computing parent1 for vertex 102, tree T_3
[INFO][Rank 0] Parent of vertex 102 in T_3 is 104
[INFO][Rank 0] Computing parent1 for vertex 102, tree T_4
[INFO][Rank 0] Parent of vertex 102 in T_4 is 103
[INFO][Rank 0] Rank 0, Thread 3: Processing vertex 103
[INFO][Rank 0] Computing parent1 for vertex 103, tree T_1
[INFO][Rank 0] Parent of vertex 103 in T_1 is 43
[INFO][Rank 0] Computing parent1 for vertex 103, tree T_2
[INFO][Rank 0] Parent of vertex 103 in T_2 is 97
[INFO][Rank 0] Computing parent1 for vertex 103, tree T_3
[INFO][Rank 0] Parent of vertex 103 in T_3 is 106
[INFO][Rank 0] Computing parent1 for vertex 103, tree T_4
[INFO][Rank 0] Parent of vertex 103 in T_4 is 102
[INFO][Rank 0] Rank 0, Thread 3: Processing vertex 104
[INFO][Rank 0] Computing parent1 for vertex 104, tree T_1
[INFO][Rank 0] Parent of vertex 104 in T_1 is 44
[INFO][Rank 0] Computing parent1 for vertex 104, tree T_2
[INFO][Rank 0] Parent of vertex 104 in T_2 is 110
[INFO][Rank 0] Computing parent1 for vertex 104, tree T_3
[INFO][Rank 0] Parent of vertex 104 in T_3 is 102
[INFO][Rank 0] Computing parent1 for vertex 104, tree T_4
[INFO][Rank 0] Parent of vertex 104 in T_4 is 105
[INFO][Rank 0] Rank 0, Thread 3: Processing vertex 105
[INFO][Rank 0] Computing parent1 for vertex 105, tree T_1
[INFO][Rank 0] Parent of vertex 105 in T_1 is 45
[INFO][Rank 0] Computing parent1 for vertex 105, tree T_2
[INFO][Rank 0] Parent of vertex 105 in T_2 is 111
[INFO][Rank 0] Computing parent1 for vertex 105, tree T_3
[INFO][Rank 0] Parent of vertex 105 in T_3 is 107
[INFO][Rank 0] Computing parent1 for vertex 105, tree T_4
[INFO][Rank 0] Parent of vertex 105 in T_4 is 104
[INFO][Rank 0] Rank 0, Thread 3: Processing vertex 106
[INFO][Rank 0] Computing parent1 for vertex 106, tree T_1
[INFO][Rank 0] Parent of vertex 106 in T_1 is 46
[INFO][Rank 0] Computing parent1 for vertex 106, tree T_2
[INFO][Rank 0] Parent of vertex 106 in T_2 is 116
[INFO][Rank 0] Computing parent1 for vertex 106, tree T_3
[INFO][Rank 0] Parent of vertex 106 in T_3 is 103
[INFO][Rank 0] Computing parent1 for vertex 106, tree T_4
[INFO][Rank 0] Parent of vertex 106 in T_4 is 107
[INFO][Rank 0] Rank 0, Thread 3: Processing vertex 107
[INFO][Rank 0] Computing parent1 for vertex 107, tree T_1
[INFO][Rank 0] Parent of vertex 107 in T_1 is 47
[INFO][Rank 0] Computing parent1 for vertex 107, tree T_2

[INFO][Rank 0] Rank 0, Thread 1: Processing vertex 59
[INFO][Rank 0] Computing parent1 for vertex 59, tree T_1
[INFO][Rank 0] Parent of vertex 59 in T_1 is 35
[INFO][Rank 0] Computing parent1 for vertex 59, tree T_2
[INFO][Rank 0] Parent of vertex 59 in T_2 is 69
[INFO][Rank 0] Computing parent1 for vertex 59, tree T_3
[INFO][Rank 0] Parent of vertex 59 in T_3 is 57
[INFO][Rank 0] Computing parent1 for vertex 59, tree T_4
[INFO][Rank 0] Parent of vertex 59 in T_4 is 58
[INFO][Rank 0] Computing parent1 for vertex 1, tree T_3
[INFO][Rank 0] Parent of vertex 1 in T_3 is 4
[INFO][Rank 0] Computing parent1 for vertex 1, tree T_4
[INFO][Rank 0] Parent of vertex 1 in T_4 is 0
[INFO][Rank 0] Rank 0, Thread 0: Processing vertex 2
[INFO][Rank 0] Computing parent1 for vertex 2, tree T_1
[INFO][Rank 0] Parent of vertex 2 in T_1 is 26
[INFO][Rank 0] Computing parent1 for vertex 2, tree T_2
[INFO][Rank 0] Parent of vertex 2 in T_2 is 12
[INFO][Rank 0] Computing parent1 for vertex 2, tree T_3
[INFO][Rank 0] Parent of vertex 2 in T_3 is 0
[INFO][Rank 0] Computing parent1 for vertex 2, tree T_4
[INFO][Rank 0] Parent of vertex 2 in T_4 is 3
[INFO][Rank 0] Rank 0, Thread 0: Processing vertex 3
[INFO][Rank 0] Computing parent1 for vertex 3, tree T_1
[INFO][Rank 0] Parent of vertex 3 in T_1 is 27
[INFO][Rank 0] Computing parent1 for vertex 3, tree T_2
[INFO][Rank 0] Parent of vertex 3 in T_2 is 13
[INFO][Rank 0] Computing parent1 for vertex 3, tree T_3
[INFO][Rank 0] Parent of vertex 3 in T_3 is 5
[INFO][Rank 0] Computing parent1 for vertex 3, tree T_4
[INFO][Rank 0] Parent of vertex 3 in T_4 is 2
[INFO][Rank 0] Rank 0, Thread 0: Processing vertex 4
[INFO][Rank 0] Computing parent1 for vertex 4, tree T_1
[INFO][Rank 0] Parent of vertex 4 in T_1 is 28
[INFO][Rank 0] Computing parent1 for vertex 4, tree T_2
[INFO][Rank 0] Parent of vertex 4 in T_2 is 18
[INFO][Rank 0] Computing parent1 for vertex 4, tree T_3
[INFO][Rank 0] Parent of vertex 4 in T_3 is 1
[INFO][Rank 0] Computing parent1 for vertex 4, tree T_4
[INFO][Rank 0] Parent of vertex 4 in T_4 is 5
[INFO][Rank 0] Rank 0, Thread 0: Processing vertex 5
[INFO][Rank 0] Computing parent1 for vertex 5, tree T_1
[INFO][Rank 0] Parent of vertex 5 in T_1 is 29
[INFO][Rank 0] Computing parent1 for vertex 5, tree T_2
[INFO][Rank 0] Parent of vertex 5 in T_2 is 19
[INFO][Rank 0] Computing parent1 for vertex 5, tree T_3
[INFO][Rank 0] Parent of vertex 5 in T_3 is 3
[INFO][Rank 0] Computing parent1 for vertex 5, tree T_4
[INFO][Rank 0] Parent of vertex 5 in T_4 is 4
[INFO][Rank 0] Rank 0, Thread 0: Processing vertex 6
[INFO][Rank 0] Computing parent1 for vertex 6, tree T_1
[INFO][Rank 0] Parent of vertex 6 in T_1 is 48
[INFO][Rank 0] Computing parent1 for vertex 6, tree T_2
[INFO][Rank 0] Parent of vertex 6 in T_2 is 0
[INFO][Rank 0] Computing parent1 for vertex 6, tree T_3
[INFO][Rank 0] Parent of vertex 6 in T_3 is 8
[INFO][Rank 0] Computing parent1 for vertex 6, tree T_4
[INFO][Rank 0] Parent of vertex 6 in T_4 is 7
[INFO][Rank 0] Rank 0, Thread 0: Processing vertex 7
[INFO][Rank 0] Computing parent1 for vertex 7, tree T_1
[INFO][Rank 0] Parent of vertex 7 in T_1 is 49
[INFO][Rank 0] Computing parent1 for vertex 7, tree T_2
[INFO][Rank 0] Parent of vertex 7 in T_2 is 1
[INFO][Rank 0] Computing parent1 for vertex 7, tree T_3
[INFO][Rank 0] Parent of vertex 7 in T_3 is 10
[INFO][Rank 0] Computing parent1 for vertex 7, tree T_4
[INFO][Rank 0] Parent of vertex 7 in T_4 is 6
[INFO][Rank 0] Rank 0, Thread 0: Processing vertex 8
[INFO][Rank 0] Computing parent1 for vertex 8, tree T_1
[INFO][Rank 0] Parent of vertex 8 in T_1 is 50
[INFO][Rank 0] Computing parent1 for vertex 8, tree T_2
[INFO][Rank 0] Parent of vertex 8 in T_2 is 14
[INFO][Rank 0] Computing parent1 for vertex 8, tree T_3
[INFO][Rank 0] Parent of vertex 8 in T_3 is 6
[INFO][Rank 0] Computing parent1 for vertex 8, tree T_4
[INFO][Rank 0] Parent of vertex 8 in T_4 is 9
[INFO][Rank 0] Rank 0, Thread 0: Processing vertex 9
[INFO][Rank 0] Computing parent1 for vertex 9, tree T_1
[INFO][Rank 0] Parent of vertex 9 in T_1 is 51
[INFO][Rank 0] Computing parent1 for vertex 9, tree T_2
[INFO][Rank 0] Parent of vertex 9 in T_2 is 15
[INFO][Rank 0] Computing parent1 for vertex 9, tree T_3
[INFO][Rank 0] Parent of vertex 9 in T_3 is 11
[INFO][Rank 0] Computing parent1 for vertex 9, tree T_4
[INFO][Rank 0] Parent of vertex 9 in T_4 is 8
[INFO][Rank 0] Rank 0, Thread 0: Processing vertex 10
[INFO][Rank 0] Computing parent1 for vertex 10, tree T_1
[INFO][Rank 0] Parent of vertex 10 in T_1 is 52
[INFO][Rank 0] Computing parent1 for vertex 10, tree T_2
[INFO][Rank 0] Parent of vertex 10 in T_2 is 20
[INFO][Rank 0] Computing parent1 for vertex 10, tree T_3
[INFO][Rank 0] Parent of vertex 10 in T_3 is 7
[INFO][Rank 0] Computing parent1 for vertex 10, tree T_4
[INFO][Rank 0] Parent of vertex 10 in T_4 is 11
[INFO][Rank 0] Rank 0, Thread 0: Processing vertex 11
[INFO][Rank 0] Computing parent1 for vertex 11, tree T_1
[INFO][Rank 0] Parent of vertex 11 in T_1 is 53
[INFO][Rank 0] Computing parent1 for vertex 11, tree T_2
[INFO][Rank 0] Parent of vertex 11 in T_2 is 21
[INFO][Rank 0] Computing parent1 for vertex 11, tree T_3
[INFO][Rank 0] Parent of vertex 11 in T_3 is 9
[INFO][Rank 0] Computing parent1 for vertex 11, tree T_4
[INFO][Rank 0] Parent of vertex 11 in T_4 is 10
[INFO][Rank 0] Rank 0, Thread 0: Processing vertex 12
[INFO][Rank 0] Computing parent1 for vertex 12, tree T_1
[INFO][Rank 0] Parent of vertex 12 in T_1 is 72
[INFO][Rank 0] Computing parent1 for vertex 12, tree T_2
[INFO][Rank 0] Parent of vertex 12 in T_2 is 2
[INFO][Rank 0] Computing parent1 for vertex 12, tree T_3
[INFO][Rank 0] Parent of vertex 12 in T_3 is 14
[INFO][Rank 0] Computing parent1 for vertex 12, tree T_4
[INFO][Rank 0] Parent of vertex 12 in T_4 is 13
[INFO][Rank [INFO][Rank 0] Rank 0, Thread 0: Processing vertex 13
[INFO][Rank 0] Computing parent1 for vertex 13, tree T_1
0[INFO][Rank 0] Parent of vertex 13 in T_1 is 73
[INFO][Rank 0] Computing parent1 for vertex 13, tree T_2
[INFO][Rank 0] Parent of vertex 13 in T_2 is 3
[INFO][Rank 0] Computing parent1 for vertex 13, tree T_3
] [INFO][Rank 0] Parent of vertex 13 in T_3 is 16
[INFO][Rank 0] Computing parent1 for vertex 13, tree T_4
[INFO][Rank 0] Parent of vertex 13 in T_4 is 12
[INFO][Rank 0] Rank 0, Thread 0: Processing vertex 14
[INFO][Rank 0] Computing parent1 for vertex 14, tree T_1
[INFO][Rank 0] Parent of vertex 14 in T_1 is 74
[INFO][Rank 0] Computing parent1 for vertex 14, tree T_2
Parent of vertex 60 in T_3 is 62[INFO][Rank 0] Parent of vertex 107 in T_2 is 117
[INFO][Rank 0] Computing parent1 for vertex 107, tree T_3
[INFO][Rank 0] Parent of vertex 107 in T_3 is 105
[INFO][Rank 0] Computing parent1 for vertex 107, tree T_4
[INFO][Rank 0] Parent of vertex 107 in T_4 is 106

[INFO][Rank 0] Rank 0, Thread 3: Processing vertex 108
[INFO][Rank 0] Computing parent1 for vertex 108, tree T_1
[INFO][Rank 0] Parent of vertex 108 in T_1 is 66
[INFO][Rank 0] Computing parent1 for vertex 108, tree T_2
[INFO][Rank 0] Parent of vertex 108 in T_2 is 98
[INFO][Rank 0] Computing parent1 for vertex 108, tree T_3
[INFO][Rank 0] Parent of vertex 108 in T_3 is 110
[INFO][Rank 0] Computing parent1 for vertex 108, tree T_4
[INFO][Rank 0] Parent of vertex 108 in T_4 is 109
[INFO][Rank 0] Rank 0, Thread 3: Processing vertex 109
[INFO][Rank 0] Computing parent1 for vertex 109, tree T_1
[INFO][Rank 0] Parent of vertex 109 in T_1 is 67
[INFO][Rank 0] Computing parent1 for vertex 109, tree T_2
[INFO][Rank 0] Parent of vertex 109 in T_2 is 99
[INFO][Rank 0] Computing parent1 for vertex 109, tree T_3
[INFO][Rank 0] Parent of vertex 109 in T_3 is 112
[INFO][Rank 0] Computing parent1 for vertex 109, tree T_4
[INFO][Rank 0] Parent of vertex 109 in T_4 is 108
[INFO][Rank 0] Rank 0, Thread 3: Processing vertex 110
[INFO][Rank 0] Computing parent1 for vertex 110, tree T_1
[INFO][Rank 0] Parent of vertex 110 in T_1 is 68
[INFO][Rank 0] Computing parent1 for vertex 110, tree T_2
[INFO][Rank 0] Parent of vertex 110 in T_2 is 104
[INFO][Rank 0] Computing parent1 for vertex 110, tree T_3
[INFO][Rank 0] Parent of vertex 110 in T_3 is 108
[INFO][Rank 0] Computing parent1 for vertex 110, tree T_4
[INFO][Rank 0] Parent of vertex 110 in T_4 is 111
[INFO][Rank 0] Rank 0, Thread 3: Processing vertex 111
[INFO][Rank 0] Computing parent1 for vertex 111, tree T_1
[INFO][Rank 0] Parent of vertex 111 in T_1 is 69
[INFO][Rank 0] Computing parent1 for vertex 111, tree T_2
[INFO][Rank 0] Parent of vertex 111 in T_2 is 105
[INFO][Rank 0] Computing parent1 for vertex 111, tree T_3
[INFO][Rank 0] Parent of vertex 111 in T_3 is 113
[INFO][Rank 0] Computing parent1 for vertex 111, tree T_4
[INFO][Rank 0] Parent of vertex 111 in T_4 is 110
[INFO][Rank 0] Computing parent1 for vertex 60, tree T_4
[INFO][Rank 0] Parent of vertex 60 in T_4 is 61
[INFO][Rank 0] Rank 0, Thread 2: Processing vertex 61
[INFO][Rank 0] Computing parent1 for vertex 61, tree T_1
[INFO][Rank 0] Parent of vertex 61 in T_1 is 85
[INFO][Rank 0] Computing parent1 for vertex 61, tree T_2
[INFO][Rank 0] Parent of vertex 61 in T_2 is 51
[INFO][Rank 0] Computing parent1 for vertex 61, tree T_3
[INFO][Rank 0] Parent of vertex 61 in T_3 is 64
[INFO][Rank 0] Computing parent1 for vertex 61, tree T_4
[INFO][Rank 0] Parent of vertex 61 in T_4 is 60
[INFO][Rank 0] Rank 0, Thread 2: Processing vertex 62
[INFO][Rank 0] Computing parent1 for vertex 62, tree T_1
[INFO][Rank 0] Parent of vertex 62 in T_1 is 86
[INFO][Rank 0] Computing parent1 for vertex 62, tree T_2
[INFO][Rank 0] Parent of vertex 62 in T_2 is 56
[INFO][Rank 0] Computing parent1 for vertex 62, tree T_3
[INFO][Rank 0] Parent of vertex 62 in T_3 is 60
[INFO][Rank 0] Computing parent1 for vertex 62, tree T_4
[INFO][Rank 0] Parent of vertex 62 in T_4 is 63
[INFO][Rank 0] Rank 0, Thread 2: Processing vertex 63
[INFO][Rank 0] Computing parent1 for vertex 63, tree T_1
[INFO][Rank 0] Parent of vertex 63 in T_1 is 87
[INFO][Rank 0] Computing parent1 for vertex 63, tree T_2
[INFO][Rank 0] Parent of vertex 63 in T_2 is 57
[INFO][Rank 0] Computing parent1 for vertex 63, tree T_3
[INFO][Rank 0] Parent of vertex 63 in T_3 is 65
[INFO][Rank 0] Computing parent1 for vertex 63, tree T_4
[INFO][Rank 0] Parent of vertex 63 in T_4 is 62
[INFO][Rank 0] Rank 0, Thread 2: Processing vertex 64
[INFO][Rank 0] Computing parent1 for vertex 64, tree T_1
[INFO][Rank 0] Parent of vertex 64 in T_1 is 88
[INFO][Rank 0] Computing parent1 for vertex 64, tree T_2
[INFO][Rank 0] Parent of vertex 64 in T_2 is 70
[INFO][Rank 0] Computing parent1 for vertex 64, tree T_3
[INFO][Rank 0] Parent of vertex 64 in T_3 is 61
[INFO][Rank 0] Computing parent1 for vertex 64, tree T_4
[INFO][Rank 0] Parent of vertex 64 in T_4 is 65
[INFO][Rank 0] Rank 0, Thread 2: Processing vertex 65
[INFO][Rank 0] Computing parent1 for vertex 65, tree T_1
[INFO][Rank 0] Parent of vertex 65 in T_1 is 89
[INFO][Rank 0] Computing parent1 for vertex 65, tree T_2
[INFO][Rank 0] Parent of vertex 65 in T_2 is 71
[INFO][Rank 0] Computing parent1 for vertex 65, tree T_3
[INFO][Rank 0] Parent of vertex 65 in T_3 is 63
[INFO][Rank 0] Computing parent1 for vertex 65, tree T_4
[INFO][Rank 0] Parent of vertex 65 in T_4 is 64
[INFO][Rank 0] Rank 0, Thread 2: Processing vertex 66
[INFO][Rank 0] Computing parent1 for vertex 66, tree T_1
[INFO][Rank 0] Parent of vertex 66 in T_1 is 108
[INFO][Rank 0] Computing parent1 for vertex 66, tree T_2
[INFO][Rank 0] Parent of vertex 66 in T_2 is 52
[INFO][Rank 0] Computing parent1 for vertex 66, tree T_3
[INFO][Rank 0] Parent of vertex 66 in T_3 is 68
[INFO][Rank 0] Computing parent1 for vertex 66, tree T_4
[INFO][Rank 0] Parent of vertex 66 in T_4 is 67
[INFO][Rank 0] Rank 0, Thread 2: Processing vertex 67
[INFO][Rank 0] Computing parent1 for vertex 67, tree T_1
[INFO][Rank 0] Parent of vertex 67 in T_1 is 109
[INFO][Rank 0] Computing parent1 for vertex 67, tree T_2
[INFO][Rank 0] Parent of vertex 67 in T_2 is 53
[INFO][Rank 0] Computing parent1 for vertex 67, tree T_3
[INFO][Rank 0] Parent of vertex 67 in T_3 is 70
[INFO][Rank 0] Computing parent1 for vertex 67, tree T_4
[INFO][Rank 0] Parent of vertex 67 in T_4 is 66
[INFO][Rank 0] Rank 0, Thread 2: Processing vertex 68
[INFO][Rank 0] Computing parent1 for vertex 68, tree T_1
[INFO][Rank 0] Parent of vertex 68 in T_1 is 110
[INFO][Rank 0] Computing parent1 for vertex 68, tree T_2
[INFO][Rank 0] Parent of vertex 68 in T_2 is 58
[INFO][Rank 0] Computing parent1 for vertex 68, tree T_3
[INFO][Rank 0] Parent of vertex 68 in T_3 is 66
[INFO][Rank 0] Computing parent1 for vertex 68, tree T_4
[INFO][Rank 0] Parent of vertex 68 in T_4 is 69
[INFO][Rank 0] Rank 0, Thread 2: Processing vertex 69
[INFO][Rank 0] Computing parent1 for vertex 69, tree T_1
[INFO][Rank 0] Parent of vertex 69 in T_1 is 111
[INFO][Rank 0] Computing parent1 for vertex 69, tree T_2
[INFO][Rank 0] Parent of vertex 69 in T_2 is 59
[INFO][Rank 0] Computing parent1 for vertex 69, tree T_3
[INFO][Rank 0] Parent of vertex 69 in T_3 is 71
[INFO][Rank 0] Computing parent1 for vertex 69, tree T_4
[INFO][Rank 0] Parent of vertex 69 in T_4 is 68
[INFO][Rank 0] Rank 0, Thread 2: Processing vertex 70
[INFO][Rank 0] Computing parent1 for vertex 70, tree T_1
[INFO][Rank 0] Parent of vertex 70 in T_1 is 112
[INFO][Rank 0] Computing parent1 for vertex 70, tree T_2
[INFO][Rank 0] Parent of vertex 70 in T_2 is 64
[INFO][Rank 0] Computing parent1 for vertex 70, tree T_3
[INFO][Rank 0] Parent of vertex 70 in T_3 is 67
[INFO][Rank 0] Computing parent1 for vertex 70, tree T_4
[INFO][Rank 0] Parent of vertex 70 in T_4 is 71
[INFO][Rank 0] Rank 0, Thread 2: Processing vertex 71
[INFO][Rank 0] Computing parent1 for vertex 71, tree T_1
[INFO][Rank 0] Parent of vertex 71 in T_1 is 113
[INFO][Rank 0] Computing parent1 for vertex 71, tree T_2
[INFO][Rank 0] Parent of vertex 71 in T_2 is 65
[INFO][Rank 0] Computing parent1 for vertex 71, tree T_3
[INFO][Rank 0] Parent of vertex 71 in T_3 is 69
[INFO][Rank 0] Computing parent1 for vertex 71, tree T_4
[INFO][Rank 0] Parent of vertex 71 in T_4 is 70
[INFO][Rank 0] Rank 0, Thread 2: Processing vertex 72
[INFO][Rank 0] Computing parent1 for vertex 72, tree T_1
[INFO][Rank 0] Parent of vertex 72 in T_1 is 12
[INFO][Rank 0] Computing parent1 for vertex 72, tree T_2
[INFO][Rank 0] Parent of vertex 72 in T_2 is 78
[INFO][Rank 0] Computing parent1 for vertex 72, tree T_3
[INFO][Rank 0] Parent of vertex 72 in T_3 is 74
[INFO][Rank 0] Computing parent1 for vertex 72, tree T_4
[INFO][Rank 0] Parent of vertex 72 in T_4 is 73
[INFO][Rank 0] Rank 0, Thread 2: Processing vertex 73
[INFO][Rank 0] Computing parent1 for vertex 73, tree T_1
[INFO][Rank 0] Parent of vertex 73 in T_1 is 13
[INFO][Rank 0] Computing parent1 for vertex 73, tree T_2
[INFO][Rank 0] Parent of vertex 73 in T_2 is 79
[INFO][Rank 0] Computing parent1 for vertex 73, tree T_3
[INFO][Rank 0] Parent of vertex 73 in T_3 is 76
[INFO][Rank 0] Computing parent1 for vertex 73, tree T_4
[INFO][Rank 0] Parent of vertex 73 in T_4 is 72
[INFO][Rank 0] Rank 0, Thread 2: Processing vertex 74
[INFO][Rank 0] Computing parent1 for vertex 74, tree T_1
[INFO][Rank 0] Parent of vertex 74 in T_1 is 14
[INFO][Rank 0] Computing parent1 for vertex 74, tree T_2
[INFO][Rank 0] Parent of vertex 74 in T_2 is 84
[INFO][Rank 0] Computing parent1 for vertex 74, tree T_3
[INFO][Rank 0] Parent of vertex 74 in T_3 is 72
[INFO][Rank 0] Computing parent1 for vertex 74, tree T_4
[INFO][Rank 0] Parent of vertex 74 in T_4 is 75
[INFO][Rank 0] Rank 0, Thread 2: Processing vertex 75
[INFO][Rank 0] Computing parent1 for vertex 75, tree T_1
[INFO][Rank 0] Parent of vertex 75 in T_1 is 15
[INFO][Rank 0] Computing parent1 for vertex 75, tree T_2
[INFO][Rank 0] Parent of vertex 75 in T_2 is 85
[INFO][Rank 0] Computing parent1 for vertex 75, tree T_3
[INFO][Rank 0] Parent of vertex 75 in T_3 is 77
[INFO][Rank 0] Computing parent1 for vertex 75, tree T_4
[INFO][Rank 0] Parent of vertex 75 in T_4 is 74
[INFO][Rank 0] Rank 0, Thread 2: Processing vertex 76
[INFO][Rank 0] Computing parent1 for vertex 76, tree T_1
[INFO][Rank 0] Parent of vertex 76 in T_1 is 16
[INFO][Rank 0] Computing parent1 for vertex 76, tree T_2
[INFO][Rank 0] Parent of vertex 76 in T_2 is 90
[INFO][Rank 0] Computing parent1 for vertex 76, tree T_3
[INFO][Rank 0] Parent of vertex 76 in T_3 is 73
[INFO][Rank 0] Computing parent1 for vertex 76, tree T_4
[INFO][Rank 0] Parent of vertex 76 in T_4 is 77
[INFO][Rank 0] Rank 0, Thread 2: Processing vertex 77
[INFO][Rank 0] Computing parent1 for vertex 77, tree T_1
[INFO][Rank 0] Parent of vertex 77 in T_1 is 17
[INFO][Rank 0] Computing parent1 for vertex 77, tree T_2
[INFO][Rank 0] Parent of vertex 77 in T_2 is 91
[INFO][Rank 0] Computing parent1 for vertex 77, tree T_3
[INFO][Rank 0] Parent of vertex 77 in T_3 is 75
[INFO][Rank 0] Computing parent1 for vertex 77, tree T_4
[INFO][Rank 0] Parent of vertex 77 in T_4 is 76
[INFO][Rank 0] Rank 0, Thread 2: Processing vertex 78
[INFO][Rank 0] Computing parent1 for vertex 78, tree T_1
[INFO][Rank 0] Parent of vertex 78 in T_1 is 36
[INFO][Rank 0] Computing parent1 for vertex 78, tree T_2
[INFO][Rank 0] Parent of vertex 78 in T_2 is 72
[INFO][Rank 0] Computing parent1 for vertex 78, tree T_3
[INFO][Rank 0] Parent of vertex 78 in T_3 is 80
[INFO][Rank 0] Computing parent1 for vertex 78, tree T_4
[INFO][Rank 0] Parent of vertex 78 in T_4 is 79
[INFO][Rank 0] Rank 0, Thread 2: Processing vertex 79
[INFO][Rank 0] Computing parent1 for vertex 79, tree T_1
[INFO][Rank 0] Parent of vertex 79 in T_1 is 37
[INFO][Rank 0] Computing parent1 for vertex 79, tree T_2
[INFO][Rank 0] Parent of vertex 79 in T_2 is 73
[INFO][Rank 0] Computing parent1 for vertex 79, tree T_3
[INFO][Rank 0] Parent of vertex 79 in T_3 is 82
[INFO][Rank 0] Computing parent1 for vertex 79, tree T_4
[INFO][Rank 0] Parent of vertex 79 in T_4 is 78
[INFO][Rank 0] Rank 0, Thread 2: Processing vertex 80
[INFO][Rank 0] Computing parent1 for vertex 80, tree T_1
[INFO][Rank 0] Parent of vertex 80 in T_1 is 38
[INFO][Rank 0] Computing parent1 for vertex 80, tree T_2
[INFO][Rank 0] Parent of vertex 80 in T_2 is 86
[INFO][Rank 0] Computing parent1 for vertex 80, tree T_3
[INFO][Rank 0] Parent of vertex 80 in T_3 is 78
[INFO][Rank 0] Computing parent1 for vertex 80, tree T_4
[INFO][Rank 0] Parent of vertex 80 in T_4 is 81
[INFO][Rank 0] Rank 0, Thread 2: Processing vertex 81
[INFO][Rank 0] Computing parent1 for vertex 81, tree T_1
[INFO][Rank 0] Parent of vertex 81 in T_1 is 39
[INFO][Rank 0] Computing parent1 for vertex 81, tree T_2
[INFO][Rank 0] Parent of vertex 81 in T_2 is 87
[INFO][Rank 0] Computing parent1 for vertex 81, tree T_3
[INFO][Rank 0] Parent of vertex 81 in T_3 is 83
[INFO][Rank 0] Computing parent1 for vertex 81, tree T_4
[INFO][Rank 0] Parent of vertex 81 in T_4 is 80
[INFO][Rank 0] Rank 0, Thread 2: Processing vertex 82
[INFO][Rank 0] Computing parent1 for vertex 82, tree T_1
[INFO][Rank 0] Parent of vertex 82 in T_1 is 40
[INFO][Rank 0] Computing parent1 for vertex 82, tree T_2
[INFO][Rank 0] Parent of vertex 82 in T_2 is 92
[INFO][Rank 0] Computing parent1 for vertex 82, tree T_3
[INFO][Rank 0] Parent of vertex 82 in T_3 is 79
[INFO][Rank 0] Computing parent1 for vertex 82, tree T_4
[INFO][Rank 0] Parent of vertex 82 in T_4 is 83
[INFO][Rank 0] Rank 0, Thread 2: Processing vertex 83
[INFO][Rank 0] Computing parent1 for vertex 83, tree T_1
[INFO][Rank 0] Parent of vertex 83 in T_1 is 41
[INFO][Rank 0] Computing parent1 for vertex 83, tree T_2
[INFO][Rank 0] Parent of vertex 83 in T_2 is 93
[INFO][Rank 0] Computing parent1 for vertex 83, tree T_3
[INFO][Rank 0] Parent of vertex 83 in T_3 is 81
[INFO][Rank 0] Computing parent1 for vertex 83, tree T_4
[INFO][Rank 0] Parent of vertex 83 in T_4 is 82
[INFO][Rank 0] Rank 0, Thread 2: Processing vertex 84
[INFO][Rank 0] Computing parent1 for vertex 84, tree T_1
[INFO][Rank 0] Parent of vertex 84 in T_1 is 60
[INFO][Rank 0] Computing parent1 for vertex 84, tree T_2
[INFO][Rank 0] Parent of vertex 84 in T_2 is 74
[INFO][Rank 0] Computing parent1 for vertex 84, tree T_3
[INFO][Rank 0] Parent of vertex 84 in T_3 is 86
[INFO][Rank 0] Computing parent1 for vertex 84, tree T_4
[INFO][Rank 0] Parent of vertex 84 in T_4 is 85
[INFO][Rank 0] Rank 0, Thread 2: Processing vertex 85
[INFO][Rank 0] Computing parent1 for vertex 85, tree T_1
[INFO][Rank 0] Parent of vertex 85 in T_1 is 61
[INFO][Rank 0] Computing parent1 for vertex 85, tree T_2
[INFO][Rank 0] Parent of vertex 85 in T_2 is 75
[INFO][Rank 0] Computing parent1 for vertex 85, tree T_3
[INFO][Rank 0] Parent of vertex 85 in T_3 is 88
[INFO][Rank 0] Computing parent1 for vertex 85, tree T_4
[INFO][Rank 0] Parent of vertex 85 in T_4 is 84
[INFO][Rank 0] Rank 0, Thread 2: Processing vertex 86
[INFO][Rank 0] Computing parent1 for vertex 86, tree T_1
[INFO][Rank 0] Parent of vertex 86 in T_1 is 62
[INFO][Rank 0] Computing parent1 for vertex 86, tree T_2
[INFO][Rank 0] Parent of vertex 86 in T_2 is 80
[INFO][Rank 0] Computing parent1 for vertex 86, tree T_3
[INFO][Rank 0] Parent of vertex 86 in T_3 is 84
[INFO][Rank 0] Computing parent1 for vertex 86, tree T_4
[INFO][Rank 0] Parent of vertex 86 in T_4 is 87
[INFO][Rank 0] Rank 0, Thread 2: Processing vertex 87
[INFO][Rank 0] Computing parent1 for vertex 87, tree T_1
[INFO][Rank 0] Parent of vertex 87 in T_1 is 63
[INFO][Rank 0] Computing parent1 for vertex 87, tree T_2
[INFO][Rank 0] Parent of vertex 87 in T_2 is 81
[INFO][Rank 0] Computing parent1 for vertex 87, tree T_3
[INFO][Rank 0] Parent of vertex 87 in T_3 is 89
[INFO][Rank 0] Computing parent1 for vertex 87, tree T_4
[INFO][Rank 0] Parent of vertex 87 in T_4 is 86
[INFO][Rank 0] Rank 0, Thread 2: Processing vertex 88
[INFO][Rank 0] Computing parent1 for vertex 88, tree T_1
[INFO][Rank 0] Parent of vertex 88 in T_1 is 64
[INFO][Rank 0] Computing parent1 for vertex 88, tree T_2
[INFO][Rank 0] Parent of vertex 88 in T_2 is 94
[INFO][Rank 0] Computing parent1 for vertex 88, tree T_3
[INFO][Rank 0] Parent of vertex 88 in T_3 is 85
[INFO][Rank 0] Computing parent1 for vertex 88, tree T_4
[INFO][Rank 0] Parent of vertex 88 in T_4 is 89
[INFO][Rank 0] Rank 0, Thread 2: Processing vertex 89
[INFO][Rank 0] Computing parent1 for vertex 89, tree T_1
[INFO][Rank 0] Parent of vertex 89 in T_1 is 65
[INFO][Rank 0] Computing parent1 for vertex 89, tree T_2
[INFO][Rank 0] Parent of vertex 89 in T_2 is 95
[INFO][Rank 0] Computing parent1 for vertex 89, tree T_3
[INFO][Rank 0] Parent of vertex 89 in T_3 is 87
[INFO][Rank 0] Computing parent1 for vertex 89, tree T_4
[INFO][Rank 0] Parent of vertex 89 in T_4 is 88
[INFO][Rank 0] Rank 0, Thread 3: Processing vertex 112
[INFO][Rank 0] Computing parent1 for vertex 112, tree T_1
[INFO][Rank 0] Parent of vertex 112 in T_1 is 70
[INFO][Rank 0] Computing parent1 for vertex 112, tree T_2
[INFO][Rank 0] Parent of vertex 112 in T_2 is 118
[INFO][Rank 0] Computing parent1 for vertex 112, tree T_3
[INFO][Rank 0] Parent of vertex 112 in T_3 is 109
[INFO][Rank 0] Computing parent1 for vertex 112, tree T_4
[INFO][Rank 0] Parent of vertex 112 in T_4 is 113
[INFO][Rank 0] Rank 0, Thread 3: Processing vertex 113
[INFO][Rank 0] Computing parent1 for vertex 113, tree T_1
[INFO][Rank 0] Parent of vertex 113 in T_1 is 71
[INFO][Rank 0] Computing parent1 for vertex 113, tree T_2
[INFO][Rank 0] Parent of vertex 113 in T_2 is 119
[INFO][Rank 0] Computing parent1 for vertex 113, tree T_3
[INFO][Rank 0] Parent of vertex 113 in T_3 is 111
[INFO][Rank 0] Computing parent1 for vertex 113, tree T_4
[INFO][Rank 0] Parent of vertex 113 in T_4 is 112
[INFO][Rank 0] Rank 0, Thread 3: Processing vertex 114
[INFO][Rank 0] Computing parent1 for vertex 114, tree T_1
[INFO][Rank 0] Parent of vertex 114 in T_1 is 90
[INFO][Rank 0] Computing parent1 for vertex 114, tree T_2
[INFO][Rank 0] Parent of vertex 114 in T_2 is 100
[INFO][Rank 0] Computing parent1 for vertex 114, tree T_3
[INFO][Rank 0] Parent of vertex 114 in T_3 is 116
[INFO][Rank 0] Computing parent1 for vertex 114, tree T_4
[INFO][Rank 0] Parent of vertex 114 in T_4 is 115
[INFO][Rank 0] Rank 0, Thread 3: Processing vertex 115
[INFO][Rank 0] Computing parent1 for vertex 115, tree T_1
[INFO][Rank 0] Parent of vertex 115 in T_1 is 91
[INFO][Rank 0] Computing parent1 for vertex 115, tree T_2
[INFO][Rank 0] Parent of vertex 115 in T_2 is 101
[INFO][Rank 0] Computing parent1 for vertex 115, tree T_3
[INFO][Rank 0] Parent of vertex 115 in T_3 is 118
[INFO][Rank 0] Computing parent1 for vertex 115, tree T_4
[INFO][Rank 0] Parent of vertex 115 in T_4 is 114
[INFO][Rank 0] Rank 0, Thread 3: Processing vertex 116
[INFO][Rank 0] Computing parent1 for vertex 116, tree T_1
[INFO][Rank 0] Parent of vertex 116 in T_1 is 92
[INFO][Rank 0] Computing parent1 for vertex 116, tree T_2
[INFO][Rank 0] Parent of vertex 116 in T_2 is 106
[INFO][Rank 0] Computing parent1 for vertex 116, tree T_3
[INFO][Rank 0] Parent of vertex 116 in T_3 is 114
[INFO][Rank 0] Computing parent1 for vertex 116, tree T_4
[INFO][Rank 0] Parent of vertex 116 in T_4 is 117
[INFO][Rank 0] Rank 0, Thread 3: Processing vertex 117
[INFO][Rank 0] Computing parent1 for vertex 117, tree T_1
[INFO][Rank 0] Parent of vertex 117 in T_1 is 93
[INFO][Rank 0] Computing parent1 for vertex 117, tree T_2
[INFO][Rank 0] Parent of vertex 117 in T_2 is 107
[INFO][Rank 0] Computing parent1 for vertex 117, tree T_3
[INFO][Rank 0] Parent of vertex 117 in T_3 is 119
[INFO][Rank 0] Computing parent1 for vertex 117, tree T_4
[INFO][Rank 0] Parent of vertex 117 in T_4 is 116
[INFO][Rank 0] Rank 0, Thread 3: Processing vertex 118
[INFO][Rank 0] Computing parent1 for vertex 118, tree T_1
[INFO][Rank 0] Parent of vertex 118 in T_1 is 94
[INFO][Rank 0] Computing parent1 for vertex 118, tree T_2
[INFO][Rank 0] Parent of vertex 118 in T_2 is 112
[INFO][Rank 0] Computing parent1 for vertex 118, tree T_3
[INFO][Rank 0] Parent of vertex 118 in T_3 is 115
[INFO][Rank 0] Computing parent1 for vertex 118, tree T_4
[INFO][Rank 0] Parent of vertex 118 in T_4 is 119
[INFO][Rank 0] Rank 0, Thread 3: Processing vertex 119
[INFO][Rank 0] Computing parent1 for vertex 119, tree T_1
[INFO][Rank 0] Parent of vertex 119 in T_1 is 95
[INFO][Rank 0] Computing parent1 for vertex 119, tree T_2
[INFO][Rank 0] Parent of vertex 119 in T_2 is 113
[INFO][Rank 0] Computing parent1 for vertex 119, tree T_3
[INFO][Rank 0] Parent of vertex 119 in T_3 is 117
[INFO][Rank 0] Computing parent1 for vertex 119, tree T_4
[INFO][Rank 0] Parent of vertex 119 in T_4 is 118
[INFO][Rank 0] Parent of vertex 14 in T_2 is 8
[INFO][Rank 0] Computing parent1 for vertex 14, tree T_3
[INFO][Rank 0] Parent of vertex 14 in T_3 is 12
[INFO][Rank 0] Computing parent1 for vertex 14, tree T_4
[INFO][Rank 0] Parent of vertex 14 in T_4 is 15
[INFO][Rank 0] Rank 0, Thread 0: Processing vertex 15
[INFO][Rank 0] Computing parent1 for vertex 15, tree T_1
[INFO][Rank 0] Parent of vertex 15 in T_1 is 75
[INFO][Rank 0] Computing parent1 for vertex 15, tree T_2
[INFO][Rank 0] Parent of vertex 15 in T_2 is 9
[INFO][Rank 0] Computing parent1 for vertex 15, tree T_3
[INFO][Rank 0] Parent of vertex 15 in T_3 is 17
[INFO][Rank 0] Computing parent1 for vertex 15, tree T_4
[INFO][Rank 0] Parent of vertex 15 in T_4 is 14
[INFO][Rank 0] Rank 0, Thread 0: Processing vertex 16
[INFO][Rank 0] Computing parent1 for vertex 16, tree T_1
[INFO][Rank 0] Parent of vertex 16 in T_1 is 76
[INFO][Rank 0] Computing parent1 for vertex 16, tree T_2
[INFO][Rank 0] Parent of vertex 16 in T_2 is 22
[INFO][Rank 0] Computing parent1 for vertex 16, tree T_3
[INFO][Rank 0] Parent of vertex 16 in T_3 is 13
[INFO][Rank 0] Computing parent1 for vertex 16, tree T_4
[INFO][Rank 0] Parent of vertex 16 in T_4 is 17
[INFO][Rank 0] Rank 0, Thread 0: Processing vertex 17
[INFO][Rank 0] Computing parent1 for vertex 17, tree T_1
[INFO][Rank 0] Parent of vertex 17 in T_1 is 77
[INFO][Rank 0] Computing parent1 for vertex 17, tree T_2
[INFO][Rank 0] Parent of vertex 17 in T_2 is 23
[INFO][Rank 0] Computing parent1 for vertex 17, tree T_3
[INFO][Rank 0] Parent of vertex 17 in T_3 is 15
[INFO][Rank 0] Computing parent1 for vertex 17, tree T_4
[INFO][Rank 0] Parent of vertex 17 in T_4 is 16
[INFO][Rank 0] Rank 0, Thread 0: Processing vertex 18
[INFO][Rank 0] Computing parent1 for vertex 18, tree T_1
[INFO][Rank 0] Parent of vertex 18 in T_1 is 96
[INFO][Rank 0] Computing parent1 for vertex 18, tree T_2
[INFO][Rank 0] Parent of vertex 18 in T_2 is 4
[INFO][Rank 0] Computing parent1 for vertex 18, tree T_3
[INFO][Rank 0] Parent of vertex 18 in T_3 is 20
[INFO][Rank 0] Computing parent1 for vertex 18, tree T_4
[INFO][Rank 0] Parent of vertex 18 in T_4 is 19
[INFO][Rank 0] Rank 0, Thread 0: Processing vertex 19
[INFO][Rank 0] Computing parent1 for vertex 19, tree T_1
[INFO][Rank 0] Parent of vertex 19 in T_1 is 97
[INFO][Rank 0] Computing parent1 for vertex 19, tree T_2
[INFO][Rank 0] Parent of vertex 19 in T_2 is 5
[INFO][Rank 0] Computing parent1 for vertex 19, tree T_3
[INFO][Rank 0] Parent of vertex 19 in T_3 is 22
[INFO][Rank 0] Computing parent1 for vertex 19, tree T_4
[INFO][Rank 0] Parent of vertex 19 in T_4 is 18
[INFO][Rank 0] Rank 0, Thread 0: Processing vertex 20
[INFO][Rank 0] Computing parent1 for vertex 20, tree T_1
[INFO][Rank 0] Parent of vertex 20 in T_1 is 98
[INFO][Rank 0] Computing parent1 for vertex 20, tree T_2
[INFO][Rank 0] Parent of vertex 20 in T_2 is 10
[INFO][Rank 0] Computing parent1 for vertex 20, tree T_3
[INFO][Rank 0] Parent of vertex 20 in T_3 is 18
[INFO][Rank 0] Computing parent1 for vertex 20, tree T_4
[INFO][Rank 0] Parent of vertex 20 in T_4 is 21
[INFO][Rank 0] Rank 0, Thread 0: Processing vertex 21
[INFO][Rank 0] Computing parent1 for vertex 21, tree T_1
[INFO][Rank 0] Parent of vertex 21 in T_1 is 99
[INFO][Rank 0] Computing parent1 for vertex 21, tree T_2
[INFO][Rank 0] Parent of vertex 21 in T_2 is 11
[INFO][Rank 0] Computing parent1 for vertex 21, tree T_3
[INFO][Rank 0] Parent of vertex 21 in T_3 is 23
[INFO][Rank 0] Computing parent1 for vertex 21, tree T_4
[INFO][Rank 0] Parent of vertex 21 in T_4 is 20
[INFO][Rank 0] Rank 0, Thread 0: Processing vertex 22
[INFO][Rank 0] Computing parent1 for vertex 22, tree T_1
[INFO][Rank 0] Parent of vertex 22 in T_1 is 100
[INFO][Rank 0] Computing parent1 for vertex 22, tree T_2
[INFO][Rank 0] Parent of vertex 22 in T_2 is 16
[INFO][Rank 0] Computing parent1 for vertex 22, tree T_3
[INFO][Rank 0] Parent of vertex 22 in T_3 is 19
[INFO][Rank 0] Computing parent1 for vertex 22, tree T_4
[INFO][Rank 0] Parent of vertex 22 in T_4 is 23
[INFO][Rank 0] Rank 0, Thread 0: Processing vertex 23
[INFO][Rank 0] Computing parent1 for vertex 23, tree T_1
[INFO][Rank 0] Parent of vertex 23 in T_1 is 101
[INFO][Rank 0] Computing parent1 for vertex 23, tree T_2
[INFO][Rank 0] Parent of vertex 23 in T_2 is 17
[INFO][Rank 0] Computing parent1 for vertex 23, tree T_3
[INFO][Rank 0] Parent of vertex 23 in T_3 is 21
[INFO][Rank 0] Computing parent1 for vertex 23, tree T_4
[INFO][Rank 0] Parent of vertex 23 in T_4 is 22
[INFO][Rank 0] Rank 0, Thread 0: Processing vertex 24
[INFO][Rank 0] Computing parent1 for vertex 24, tree T_1
[INFO][Rank 0] Parent of vertex 24 in T_1 is 0
[INFO][Rank 0] Computing parent1 for vertex 24, tree T_2
[INFO][Rank 0] Parent of vertex 24 in T_2 is 30
[INFO][Rank 0] Computing parent1 for vertex 24, tree T_3
[INFO][Rank 0] Parent of vertex 24 in T_3 is 26
[INFO][Rank 0] Computing parent1 for vertex 24, tree T_4
[INFO][Rank 0] Parent of vertex 24 in T_4 is 25
[INFO][Rank 0] Rank 0, Thread 0: Processing vertex 25
[INFO][Rank 0] Computing parent1 for vertex 25, tree T_1
[INFO][Rank 0] Parent of vertex 25 in T_1 is 1
[INFO][Rank 0] Computing parent1 for vertex 25, tree T_2
[INFO][Rank 0] Parent of vertex 25 in T_2 is 31
[INFO][Rank 0] Computing parent1 for vertex 25, tree T_3
[INFO][Rank 0] Parent of vertex 25 in T_3 is 28
[INFO][Rank 0] Computing parent1 for vertex 25, tree T_4
[INFO][Rank 0] Parent of vertex 25 in T_4 is 24
[INFO][Rank 0] Rank 0, Thread 0: Processing vertex 26
[INFO][Rank 0] Computing parent1 for vertex 26, tree T_1
[INFO][Rank 0] Parent of vertex 26 in T_1 is 2
[INFO][Rank 0] Computing parent1 for vertex 26, tree T_2
[INFO][Rank 0] Parent of vertex 26 in T_2 is 36
[INFO][Rank 0] Computing parent1 for vertex 26, tree T_3
[INFO][Rank 0] Parent of vertex 26 in T_3 is 24
[INFO][Rank 0] Computing parent1 for vertex 26, tree T_4
[INFO][Rank 0] Parent of vertex 26 in T_4 is 27
[INFO][Rank 0] Rank 0, Thread 0: Processing vertex 27
[INFO][Rank 0] Computing parent1 for vertex 27, tree T_1
[INFO][Rank 0] Parent of vertex 27 in T_1 is 3
[INFO][Rank 0] Computing parent1 for vertex 27, tree T_2
[INFO][Rank 0] Parent of vertex 27 in T_2 is 37
[INFO][Rank 0] Computing parent1 for vertex 27, tree T_3
[INFO][Rank 0] Parent of vertex 27 in T_3 is 29
[INFO][Rank 0] Computing parent1 for vertex 27, tree T_4
[INFO][Rank 0] Parent of vertex 27 in T_4 is 26
[INFO][Rank 0] Rank 0, Thread 0: Processing vertex 28
[INFO][Rank 0] Computing parent1 for vertex 28, tree T_1
[INFO][Rank 0] Parent of vertex 28 in T_1 is 4
[INFO][Rank 0] Computing parent1 for vertex 28, tree T_2
[INFO][Rank 0] Parent of vertex 28 in T_2 is 42
[INFO][Rank 0] Computing parent1 for vertex 28, tree T_3
[INFO][Rank 0] Parent of vertex 28 in T_3 is 25
[INFO][Rank 0] Computing parent1 for vertex 28, tree T_4
[INFO][Rank 0] Parent of vertex 28 in T_4 is 29
[INFO][Rank 0] Rank 0, Thread 0: Processing vertex 29
[INFO][Rank 0] Computing parent1 for vertex 29, tree T_1
[INFO][Rank 0] Parent of vertex 29 in T_1 is 5
[INFO][Rank 0] Computing parent1 for vertex 29, tree T_2
[INFO][Rank 0] Parent of vertex 29 in T_2 is 43
[INFO][Rank 0] Computing parent1 for vertex 29, tree T_3
[INFO][Rank 0] Parent of vertex 29 in T_3 is 27
[INFO][Rank 0] Computing parent1 for vertex 29, tree T_4
[INFO][Rank 0] Parent of vertex 29 in T_4 is 28
[INFO][Rank 0] Rank 0: Parallel IST construction completed.
[INFO][Rank 0] Rank 0: Local IST construction completed, parents size = 120
[INFO][Rank 0] Rank 0: Entering gather_parents, local_parents size = 120
[INFO][Rank 0] Rank 0: Gathering counts, local_size = 480
[INFO][Rank 0] Rank 0: Computed displacements, displs = [0 ]
[INFO][Rank 0] Rank 0: Calling MPI_Gatherv, flat_local_parents size = 480
[INFO][Rank 0] Rank 0: MPI_Gatherv completed.
[INFO][Rank 0] Rank 0: Reconstructed all_parents.
[INFO][Rank 0] Rank 0: Gathered all parents, size = 120
[INFO][Rank 0] Output written to data/output/ists_B5.txt
[INFO][Rank 0] IST construction completed. Results written to data/output/ists_B5.txt
[INFO][Rank 0] Timing: Graph=0.018557s, Partition=0.000034s, LocalVertices=0.000060s, IST=0.032409s, Gather=0.009917s, Output=0.009097s, Total=0.070074s
	Command being timed: "mpirun -np 1 --oversubscribe ./bubble_sort_ist"
	User time (seconds): 0.09
	System time (seconds): 0.09
	Percent of CPU this job got: 31%
	Elapsed (wall clock) time (h:mm:ss or m:ss): 0:00.60
	Average shared text size (kbytes): 0
	Average unshared data size (kbytes): 0
	Average stack size (kbytes): 0
	Average total size (kbytes): 0
	Maximum resident set size (kbytes): 83692
	Average resident set size (kbytes): 0
	Major (requiring I/O) page faults: 22
	Minor (reclaiming a frame) page faults: 7707
	Voluntary context switches: 1435
	Involuntary context switches: 54
	Swaps: 0
	File system inputs: 512
	File system outputs: 104
	Socket messages sent: 0
	Socket messages received: 0
	Signals delivered: 0
	Page size (bytes): 4096
	Exit status: 0
