[INFO][Rank 0] Starting IST construction for B_4 with 1 MPI processes.
[INFO][Rank 0] Output directory data/output/ ensured.
[INFO][Rank 0] BubbleSortGraph constructed with n=4, vertices=24
[INFO][Rank 0] Rank 0: Graph created with 24 vertices.
[INFO][Rank 0] Rank 0: Starting METIS partitioning for 24 vertices, nparts = 1
[INFO][Rank 0] Rank 0: Single partition or small graph, assigning all vertices to rank 0.
[INFO][Rank 0] Rank 0: Partitioning completed, partition size = 24
[INFO][Rank 0] Rank 0: Assigned 24 local vertices.
[INFO][Rank 0] Rank 0: Starting parallel IST construction for 24 vertices.
[INFO][Rank 0] Rank 0, Thread 0: Processing vertex 0
[INFO][Rank 0] Computing parent1 for vertex 0, tree T_1
[INFO][Rank 0] Parent of vertex 0 in T_1 is 6
[INFO][Rank 0] Computing parent1 for vertex 0, tree T_2
[INFO][Rank 0] Parent of vertex 0 in T_2 is 2
[INFO][Rank 0] Computing parent1 for vertex 0, tree T_3
[INFO][Rank 0] Parent of vertex 0 in T_3 is 1
[INFO][Rank 0] Rank 0, Thread 0: Processing vertex 1
[INFO][Rank 0] Computing parent1 for vertex 1, tree T_1
[INFO][Rank 0] Parent of vertex 1 in T_1 is 7
[INFO][Rank 0] Computing parent1 for vertex 1, tree T_2
[INFO][Rank 0] Parent of vertex 1 in T_2 is 4
[INFO][Rank 0] Computing parent1 for vertex 1, tree T_3
[INFO][Rank 0] Parent of vertex 1 in T_3 is 0
[INFO][Rank 0] Rank 0, Thread 0: Processing vertex 2
[INFO][Rank 0] Computing parent1 for vertex 2, tree T_1
[INFO][Rank 0] Parent of vertex 2 in T_1 is 12
[INFO][Rank 0] Computing parent1 for vertex 2, tree T_2
[INFO][Rank 0] Parent of vertex 2 in T_2 is 0
[INFO][Rank 0] Computing parent1 for vertex 2, tree T_3
[INFO][Rank 0] Parent of vertex 2 in T_3 is 3
[INFO][Rank 0] Rank 0, Thread 0: Processing vertex 3
[INFO][Rank 0] Computing parent1 for vertex 3, tree T_1
[INFO][Rank 0] Parent of vertex 3 in T_1 is 13
[INFO][Rank 0] Computing parent1 for vertex 3, tree T_2
[INFO][Rank 0] Parent of vertex 3 in T_2 is 5
[INFO][Rank 0] Computing parent1 for vertex 3, tree T_3
[INFO][Rank 0] Parent of vertex 3 in T_3 is 2
[INFO][Rank 0] Rank 0, Thread 0: Processing vertex 4
[INFO][Rank 0] Computing parent1 for vertex 4, tree T_1
[INFO][Rank 0] Parent of vertex 4 in T_1 is 18
[INFO][Rank 0] Computing parent1 for vertex 4, tree T_2
[INFO][Rank 0] Parent of vertex 4 in T_2 is 1
[INFO][Rank 0] Computing parent1 for vertex 4, tree T_3
[INFO][Rank 0] Parent of vertex 4 in T_3 is 5
[INFO][Rank 0] Rank 0, Thread 0: Processing vertex 5
[INFO][Rank 0] Computing parent1 for vertex 5, tree T_1
[INFO][Rank 0] Parent of vertex 5 in T_1 is 19
[INFO][Rank 0] Computing parent1 for vertex 5, tree T_2
[INFO][Rank 0] Parent of vertex 5 in T_2 is 3
[INFO][Rank 0] Computing parent1 for vertex 5, tree T_3
[INFO][Rank 0] Parent of vertex 5 in T_3 is 4
[INFO][Rank 0] Rank 0, Thread 0: Processing vertex 6
[INFO][Rank 0] Computing parent1 for vertex 6, tree T_1
[INFO][Rank 0] Parent of vertex 6 in T_1 is 0
[INFO][Rank 0] Computing parent1 for vertex 6, tree T_2
[INFO][Rank 0] Parent of vertex 6 in T_2 is 8
[INFO][Rank 0] Computing parent1 for vertex 6, tree T_3
[INFO][Rank 0] Parent of vertex 6 in T_3 is 7
[INFO][Rank 0] Rank 0, Thread 0: Processing vertex 7
[INFO][Rank 0] Computing parent1 for vertex 7, tree T_1
[INFO][Rank 0] Parent of vertex 7 in T_1 is 1
[INFO][Rank 0] Computing parent1 for vertex 7, tree T_2
[INFO][Rank 0] Parent of vertex 7 in T_2 is 10
[INFO][Rank 0] Computing parent1 for vertex 7, tree T_3
[INFO][Rank 0] Parent of vertex 7 in T_3 is 6
[INFO][Rank 0] Rank 0, Thread 0: Processing vertex 8
[INFO][Rank 0] Computing parent1 for vertex 8, tree T_1
[INFO][Rank 0] Parent of vertex 8 in T_1 is 14
[INFO][Rank 0] Computing parent1 for vertex 8, tree T_2
[INFO][Rank 0] Parent of vertex 8 in T_2 is 6
[INFO][Rank 0] Computing parent1 for vertex 8, tree T_3
[INFO][Rank 0] Parent of vertex 8 in T_3 is 9
[INFO][Rank 0] Rank 0, Thread 0: Processing vertex 9
[INFO][Rank 0] Computing parent1 for vertex 9, tree T_1
[INFO][Rank 0] Parent of vertex 9 in T_1 is 15
[INFO][Rank 0] Computing parent1 for vertex 9, tree T_2
[INFO][Rank 0] Parent of vertex 9 in T_2 is 11
[INFO][Rank 0] Computing parent1 for vertex 9, tree T_3
[INFO][Rank 0] Parent of vertex 9 in T_3 is 8
[INFO][Rank 0] Rank 0, Thread 0: Processing vertex 10
[INFO][Rank 0] Computing parent1 for vertex 10, tree T_1
[INFO][Rank 0] Parent of vertex 10 in T_1 is 20
[INFO][Rank 0] Computing parent1 for vertex 10, tree T_2
[INFO][Rank 0] Parent of vertex 10 in T_2 is 7
[INFO][Rank 0] Computing parent1 for vertex 10, tree T_3
[INFO][Rank 0] Parent of vertex 10 in T_3 is 11
[INFO][Rank 0] Rank 0, Thread 0: Processing vertex 11
[INFO][Rank 0] Computing parent1 for vertex 11, tree T_1
[INFO][Rank 0] Parent of vertex 11 in T_1 is 21
[INFO][Rank 0] Computing parent1 for vertex 11, tree T_2
[INFO][Rank 0] Parent of vertex 11 in T_2 is 9
[INFO][Rank 0] Computing parent1 for vertex 11, tree T_3
[INFO][Rank 0] Parent of vertex 11 in T_3 is 10
[INFO][Rank 0] Rank 0, Thread 0: Processing vertex 12
[INFO][Rank 0] Computing parent1 for vertex 12, tree T_1
[INFO][Rank 0] Parent of vertex 12 in T_1 is 2
[INFO][Rank 0] Computing parent1 for vertex 12, tree T_2
[INFO][Rank 0] Parent of vertex 12 in T_2 is 14
[INFO][Rank 0] Computing parent1 for vertex 12, tree T_3
[INFO][Rank 0] Parent of vertex 12 in T_3 is 13
[INFO][Rank 0] Rank 0, Thread 0: Processing vertex 13
[INFO][Rank 0] Computing parent1 for vertex 13, tree T_1
[INFO][Rank 0] Parent of vertex 13 in T_1 is 3
[INFO][Rank 0] Computing parent1 for vertex 13, tree T_2
[INFO][Rank 0] Parent of vertex 13 in T_2 is 16
[INFO][Rank 0] Computing parent1 for vertex 13, tree T_3
[INFO][Rank 0] Parent of vertex 13 in T_3 is 12
[INFO][Rank 0] Rank 0, Thread 0: Processing vertex 14
[INFO][Rank 0] Computing parent1 for vertex 14, tree T_1
[INFO][Rank 0] Parent of vertex 14 in T_1 is 8
[INFO][Rank 0] Computing parent1 for vertex 14, tree T_2
[INFO][Rank 0] Parent of vertex 14 in T_2 is 12
[INFO][Rank 0] Computing parent1 for vertex 14, tree T_3
[INFO][Rank 0] Parent of vertex 14 in T_3 is 15
[INFO][Rank 0] Rank 0, Thread 0: Processing vertex 15
[INFO][Rank 0] Computing parent1 for vertex 15, tree T_1
[INFO][Rank 0] Parent of vertex 15 in T_1 is 9
[INFO][Rank 0] Computing parent1 for vertex 15, tree T_2
[INFO][Rank 0] Parent of vertex 15 in T_2 is 17
[INFO][Rank 0] Computing parent1 for vertex 15, tree T_3
[INFO][Rank 0] Parent of vertex 15 in T_3 is 14
[INFO][Rank 0] Rank 0, Thread 0: Processing vertex 16
[INFO][Rank 0] Computing parent1 for vertex 16, tree T_1
[INFO][Rank 0] Parent of vertex 16 in T_1 is 22
[INFO][Rank 0] Computing parent1 for vertex 16, tree T_2
[INFO][Rank 0] Parent of vertex 16 in T_2 is 13
[INFO][Rank 0] Computing parent1 for vertex 16, tree T_3
[INFO][Rank 0] Parent of vertex 16 in T_3 is 17
[INFO][Rank 0] Rank 0, Thread 0: Processing vertex 17
[INFO][Rank 0] Computing parent1 for vertex 17, tree T_1
[INFO][Rank 0] Parent of vertex 17 in T_1 is 23
[INFO][Rank 0] Computing parent1 for vertex 17, tree T_2
[INFO][Rank 0] Parent of vertex 17 in T_2 is 15
[INFO][Rank 0] Computing parent1 for vertex 17, tree T_3
[INFO][Rank 0] Parent of vertex 17 in T_3 is 16
[INFO][Rank 0] Rank 0, Thread 0: Processing vertex 18
[INFO][Rank 0] Computing parent1 for vertex 18, tree T_1
[INFO][Rank 0] Parent of vertex 18 in T_1 is 4
[INFO][Rank 0] Computing parent1 for vertex 18, tree T_2
[INFO][Rank 0] Parent of vertex 18 in T_2 is 20
[INFO][Rank 0] Computing parent1 for vertex 18, tree T_3
[INFO][Rank 0] Parent of vertex 18 in T_3 is 19
[INFO][Rank 0] Rank 0, Thread 0: Processing vertex 19
[INFO][Rank 0] Computing parent1 for vertex 19, tree T_1
[INFO][Rank 0] Parent of vertex 19 in T_1 is 5
[INFO][Rank 0] Computing parent1 for vertex 19, tree T_2
[INFO][Rank 0] Parent of vertex 19 in T_2 is 22
[INFO][Rank 0] Computing parent1 for vertex 19, tree T_3
[INFO][Rank 0] Parent of vertex 19 in T_3 is 18
[INFO][Rank 0] Rank 0, Thread 0: Processing vertex 20
[INFO][Rank 0] Computing parent1 for vertex 20, tree T_1
[INFO][Rank 0] Parent of vertex 20 in T_1 is 10
[INFO][Rank 0] Computing parent1 for vertex 20, tree T_2
[INFO][Rank 0] Parent of vertex 20 in T_2 is 18
[INFO][Rank 0] Computing parent1 for vertex 20, tree T_3
[INFO][Rank 0] Parent of vertex 20 in T_3 is 21
[INFO][Rank 0] Rank 0, Thread 0: Processing vertex 21
[INFO][Rank 0] Computing parent1 for vertex 21, tree T_1
[INFO][Rank 0] Parent of vertex 21 in T_1 is 11
[INFO][Rank 0] Computing parent1 for vertex 21, tree T_2
[INFO][Rank 0] Parent of vertex 21 in T_2 is 23
[INFO][Rank 0] Computing parent1 for vertex 21, tree T_3
[INFO][Rank 0] Parent of vertex 21 in T_3 is 20
[INFO][Rank 0] Rank 0, Thread 0: Processing vertex 22
[INFO][Rank 0] Computing parent1 for vertex 22, tree T_1
[INFO][Rank 0] Parent of vertex 22 in T_1 is 16
[INFO][Rank 0] Computing parent1 for vertex 22, tree T_2
[INFO][Rank 0] Parent of vertex 22 in T_2 is 19
[INFO][Rank 0] Computing parent1 for vertex 22, tree T_3
[INFO][Rank 0] Parent of vertex 22 in T_3 is 23
[INFO][Rank 0] Rank 0, Thread 0: Processing vertex 23
[INFO][Rank 0] Computing parent1 for vertex 23, tree T_1
[INFO][Rank 0] Parent of vertex 23 in T_1 is 17
[INFO][Rank 0] Computing parent1 for vertex 23, tree T_2
[INFO][Rank 0] Parent of vertex 23 in T_2 is 21
[INFO][Rank 0] Computing parent1 for vertex 23, tree T_3
[INFO][Rank 0] Parent of vertex 23 in T_3 is 22
[INFO][Rank 0] Rank 0: Parallel IST construction completed.
[INFO][Rank 0] Rank 0: Local IST construction completed, parents size = 24
[INFO][Rank 0] Rank 0: Entering gather_parents, local_parents size = 24
[INFO][Rank 0] Rank 0: Gathering counts, local_size = 72
[INFO][Rank 0] Rank 0: Computed displacements, displs = [0 ]
[INFO][Rank 0] Rank 0: Calling MPI_Gatherv, flat_local_parents size = 72
[INFO][Rank 0] Rank 0: MPI_Gatherv completed.
[INFO][Rank 0] Rank 0: Reconstructed all_parents.
[INFO][Rank 0] Rank 0: Gathered all parents, size = 24
[INFO][Rank 0] Output written to data/output/ists_B4.txt
[INFO][Rank 0] IST construction completed. Results written to data/output/ists_B4.txt
[INFO][Rank 0] Timing: Graph=0.005866s, Partition=0.000051s, LocalVertices=0.000031s, IST=0.006703s, Gather=0.000617s, Output=0.009513s, Total=0.022780s
	Command being timed: "mpirun -np 1 --oversubscribe ./bubble_sort_ist"
	User time (seconds): 0.06
	System time (seconds): 0.07
	Percent of CPU this job got: 34%
	Elapsed (wall clock) time (h:mm:ss or m:ss): 0:00.40
	Average shared text size (kbytes): 0
	Average unshared data size (kbytes): 0
	Average stack size (kbytes): 0
	Average total size (kbytes): 0
	Maximum resident set size (kbytes): 85696
	Average resident set size (kbytes): 0
	Major (requiring I/O) page faults: 22
	Minor (reclaiming a frame) page faults: 7662
	Voluntary context switches: 1322
	Involuntary context switches: 64
	Swaps: 0
	File system inputs: 512
	File system outputs: 104
	Socket messages sent: 0
	Socket messages received: 0
	Signals delivered: 0
	Page size (bytes): 4096
	Exit status: 0
